[+] Minimizing crash...
[+] Fuzzer: /workspace/targets/cjson/out/cjson_fuzzer
[+] Input crash: /workspace/artifacts/runs/cjson/2026-03-16_081232/crashes/crash-ad06690d5fb9815b00ade5a8c856c90bd0550640
[+] Crash file: crash-ad06690d5fb9815b00ade5a8c856c90bd0550640
[+] Run id: 2026-03-16_081232
[+] Output file: /workspace/artifacts/minimized/cjson/2026-03-16_081240/minimized-crash-ad06690d5fb9815b00ade5a8c856c90bd0550640
[+] Original size: 8
[+] MINIMIZE_MAX_TOTAL_TIME=20
[+] FUZZPIPE_SANITIZERS=address,undefined
[+] ASAN_SYMBOLIZER_PATH=/usr/bin/llvm-symbolizer
[+] UBSAN_OPTIONS=print_stacktrace=1:halt_on_error=1
[+] ASAN_OPTIONS=symbolize=1:detect_leaks=0:abort_on_error=1
[+] FUZZPIPE_SYMBOLIZER_PATH=/usr/bin/llvm-symbolizer
[+] FUZZPIPE_DEMO_CRASH=1
INFO: Running with entropic power schedule (0xFF, 100).
INFO: Seed: 2071365279
INFO: Loaded 1 modules   (3253 inline 8-bit counters): 3253 [0x557cefae1848, 0x557cefae24fd),
INFO: Loaded 1 PC tables (3253 PCs): 3253 [0x557cefae2500,0x557cefaef050),
CRASH_MIN: minimizing crash input: '/workspace/artifacts/runs/cjson/2026-03-16_081232/crashes/crash-ad06690d5fb9815b00ade5a8c856c90bd0550640' (8 bytes)
CRASH_MIN: executing: /workspace/targets/cjson/out/cjson_fuzzer -max_total_time=20 /workspace/artifacts/runs/cjson/2026-03-16_081232/crashes/crash-ad06690d5fb9815b00ade5a8c856c90bd0550640 2>&1
CRASH_MIN: '/workspace/artifacts/runs/cjson/2026-03-16_081232/crashes/crash-ad06690d5fb9815b00ade5a8c856c90bd0550640' (8 bytes) caused a crash. Will try to minimize it further
CRASH_MIN: executing: /workspace/targets/cjson/out/cjson_fuzzer -max_total_time=20 /workspace/artifacts/runs/cjson/2026-03-16_081232/crashes/crash-ad06690d5fb9815b00ade5a8c856c90bd0550640 -minimize_crash_internal_step=1 -exact_artifact_path=/workspace/artifacts/minimized/cjson/2026-03-16_081240/minimized-crash-ad06690d5fb9815b00ade5a8c856c90bd0550640 2>&1
INFO: Running with entropic power schedule (0xFF, 100).
INFO: Seed: 2936510976
INFO: Loaded 1 modules   (3253 inline 8-bit counters): 3253 [0x55cca97e0848, 0x55cca97e14fd),
INFO: Loaded 1 PC tables (3253 PCs): 3253 [0x55cca97e1500,0x55cca97ee050),
INFO: Starting MinimizeCrashInputInternalStep: 8
INFO: -max_len is not provided; libFuzzer will not generate inputs larger than 8 bytes
=================================================================
==66==ERROR: AddressSanitizer: heap-use-after-free on address 0x502000001410 at pc 0x55cca9771af7 bp 0x7ffef67537d0 sp 0x7ffef67537c8
WRITE of size 1 at 0x502000001410 thread T0
    #0 0x55cca9771af6 in trigger_demo_asan_use_after_free() /workspace/targets/cjson/harness.cpp:30:7
    #1 0x55cca9771af6 in LLVMFuzzerTestOneInput /workspace/targets/cjson/harness.cpp:192:5
    #2 0x55cca967cc74 in fuzzer::Fuzzer::ExecuteCallback(unsigned char const*, unsigned long) (/workspace/targets/cjson/out/cjson_fuzzer+0x6cc74) (BuildId: 91c83e2aa4a0c516277399e73ccc820fc744660a)
    #3 0x55cca967e8ce in fuzzer::Fuzzer::MinimizeCrashLoop(std::vector<unsigned char, std::allocator<unsigned char>> const&) (/workspace/targets/cjson/out/cjson_fuzzer+0x6e8ce) (BuildId: 91c83e2aa4a0c516277399e73ccc820fc744660a)
    #4 0x55cca9667b2e in fuzzer::MinimizeCrashInputInternalStep(fuzzer::Fuzzer*, fuzzer::InputCorpus*) (/workspace/targets/cjson/out/cjson_fuzzer+0x57b2e) (BuildId: 91c83e2aa4a0c516277399e73ccc820fc744660a)
    #5 0x55cca966b7ca in fuzzer::FuzzerDriver(int*, char***, int (*)(unsigned char const*, unsigned long)) (/workspace/targets/cjson/out/cjson_fuzzer+0x5b7ca) (BuildId: 91c83e2aa4a0c516277399e73ccc820fc744660a)
    #6 0x55cca9696016 in main (/workspace/targets/cjson/out/cjson_fuzzer+0x86016) (BuildId: 91c83e2aa4a0c516277399e73ccc820fc744660a)
    #7 0x7fbea9e381c9 in __libc_start_call_main csu/../sysdeps/nptl/libc_start_call_main.h:58:16
    #8 0x7fbea9e3828a in __libc_start_main csu/../csu/libc-start.c:360:3
    #9 0x55cca9660974 in _start (/workspace/targets/cjson/out/cjson_fuzzer+0x50974) (BuildId: 91c83e2aa4a0c516277399e73ccc820fc744660a)

0x502000001410 is located 0 bytes inside of 8-byte region [0x502000001410,0x502000001418)
freed by thread T0 here:
    #0 0x55cca9730b0a in free (/workspace/targets/cjson/out/cjson_fuzzer+0x120b0a) (BuildId: 91c83e2aa4a0c516277399e73ccc820fc744660a)
    #1 0x55cca977191a in trigger_demo_asan_use_after_free() /workspace/targets/cjson/harness.cpp:27:3
    #2 0x55cca977191a in LLVMFuzzerTestOneInput /workspace/targets/cjson/harness.cpp:192:5
    #3 0x55cca967cc74 in fuzzer::Fuzzer::ExecuteCallback(unsigned char const*, unsigned long) (/workspace/targets/cjson/out/cjson_fuzzer+0x6cc74) (BuildId: 91c83e2aa4a0c516277399e73ccc820fc744660a)
    #4 0x55cca967e8ce in fuzzer::Fuzzer::MinimizeCrashLoop(std::vector<unsigned char, std::allocator<unsigned char>> const&) (/workspace/targets/cjson/out/cjson_fuzzer+0x6e8ce) (BuildId: 91c83e2aa4a0c516277399e73ccc820fc744660a)
    #5 0x55cca9667b2e in fuzzer::MinimizeCrashInputInternalStep(fuzzer::Fuzzer*, fuzzer::InputCorpus*) (/workspace/targets/cjson/out/cjson_fuzzer+0x57b2e) (BuildId: 91c83e2aa4a0c516277399e73ccc820fc744660a)
    #6 0x55cca966b7ca in fuzzer::FuzzerDriver(int*, char***, int (*)(unsigned char const*, unsigned long)) (/workspace/targets/cjson/out/cjson_fuzzer+0x5b7ca) (BuildId: 91c83e2aa4a0c516277399e73ccc820fc744660a)
    #7 0x55cca9696016 in main (/workspace/targets/cjson/out/cjson_fuzzer+0x86016) (BuildId: 91c83e2aa4a0c516277399e73ccc820fc744660a)
    #8 0x7fbea9e381c9 in __libc_start_call_main csu/../sysdeps/nptl/libc_start_call_main.h:58:16
    #9 0x7fbea9e3828a in __libc_start_main csu/../csu/libc-start.c:360:3
    #10 0x55cca9660974 in _start (/workspace/targets/cjson/out/cjson_fuzzer+0x50974) (BuildId: 91c83e2aa4a0c516277399e73ccc820fc744660a)

previously allocated by thread T0 here:
    #0 0x55cca9730da3 in malloc (/workspace/targets/cjson/out/cjson_fuzzer+0x120da3) (BuildId: 91c83e2aa4a0c516277399e73ccc820fc744660a)
    #1 0x55cca97718c2 in trigger_demo_asan_use_after_free() /workspace/targets/cjson/harness.cpp:21:32
    #2 0x55cca97718c2 in LLVMFuzzerTestOneInput /workspace/targets/cjson/harness.cpp:192:5
    #3 0x55cca967cc74 in fuzzer::Fuzzer::ExecuteCallback(unsigned char const*, unsigned long) (/workspace/targets/cjson/out/cjson_fuzzer+0x6cc74) (BuildId: 91c83e2aa4a0c516277399e73ccc820fc744660a)
    #4 0x55cca967e8ce in fuzzer::Fuzzer::MinimizeCrashLoop(std::vector<unsigned char, std::allocator<unsigned char>> const&) (/workspace/targets/cjson/out/cjson_fuzzer+0x6e8ce) (BuildId: 91c83e2aa4a0c516277399e73ccc820fc744660a)
    #5 0x55cca9667b2e in fuzzer::MinimizeCrashInputInternalStep(fuzzer::Fuzzer*, fuzzer::InputCorpus*) (/workspace/targets/cjson/out/cjson_fuzzer+0x57b2e) (BuildId: 91c83e2aa4a0c516277399e73ccc820fc744660a)
    #6 0x55cca966b7ca in fuzzer::FuzzerDriver(int*, char***, int (*)(unsigned char const*, unsigned long)) (/workspace/targets/cjson/out/cjson_fuzzer+0x5b7ca) (BuildId: 91c83e2aa4a0c516277399e73ccc820fc744660a)
    #7 0x55cca9696016 in main (/workspace/targets/cjson/out/cjson_fuzzer+0x86016) (BuildId: 91c83e2aa4a0c516277399e73ccc820fc744660a)
    #8 0x7fbea9e381c9 in __libc_start_call_main csu/../sysdeps/nptl/libc_start_call_main.h:58:16
    #9 0x7fbea9e3828a in __libc_start_main csu/../csu/libc-start.c:360:3
    #10 0x55cca9660974 in _start (/workspace/targets/cjson/out/cjson_fuzzer+0x50974) (BuildId: 91c83e2aa4a0c516277399e73ccc820fc744660a)

SUMMARY: AddressSanitizer: heap-use-after-free /workspace/targets/cjson/harness.cpp:30:7 in trigger_demo_asan_use_after_free()
Shadow bytes around the buggy address:
  0x502000001180: fa fa fd fa fa fa fd fa fa fa fd fa fa fa fd fa
  0x502000001200: fa fa fd fa fa fa fd fa fa fa fd fa fa fa fd fa
  0x502000001280: fa fa fd fa fa fa fd fa fa fa fd fa fa fa fd fa
  0x502000001300: fa fa fd fa fa fa fd fa fa fa fd fa fa fa fd fa
  0x502000001380: fa fa fd fa fa fa fd fa fa fa 07 fa fa fa 00 fa
=>0x502000001400: fa fa[fd]fa fa fa fa fa fa fa fa fa fa fa fa fa
  0x502000001480: fa fa fa fa fa fa fa fa fa fa fa fa fa fa fa fa
  0x502000001500: fa fa fa fa fa fa fa fa fa fa fa fa fa fa fa fa
  0x502000001580: fa fa fa fa fa fa fa fa fa fa fa fa fa fa fa fa
  0x502000001600: fa fa fa fa fa fa fa fa fa fa fa fa fa fa fa fa
  0x502000001680: fa fa fa fa fa fa fa fa fa fa fa fa fa fa fa fa
Shadow byte legend (one shadow byte represents 8 application bytes):
  Addressable:           00
  Partially addressable: 01 02 03 04 05 06 07
  Heap left redzone:       fa
  Freed heap region:       fd
  Stack left redzone:      f1
  Stack mid redzone:       f2
  Stack right redzone:     f3
  Stack after return:      f5
  Stack use after scope:   f8
  Global redzone:          f9
  Global init order:       f6
  Poisoned by user:        f7
  Container overflow:      fc
  Array cookie:            ac
  Intra object redzone:    bb
  ASan internal:           fe
  Left alloca redzone:     ca
  Right alloca redzone:    cb
==66==ABORTING
MS: 2 EraseBytes-EraseBytes- DE: "CRASHME"-; base unit: 0000000000000000000000000000000000000000
0x43,0x52,0x41,0x53,0x48,0x4d,0x45,
CRASHME
artifact_prefix='./'; Test unit written to /workspace/artifacts/minimized/cjson/2026-03-16_081240/minimized-crash-ad06690d5fb9815b00ade5a8c856c90bd0550640
Base64: Q1JBU0hNRQ==
Aborted (core dumped)
*********************************
CRASH_MIN: minimizing crash input: '/workspace/artifacts/minimized/cjson/2026-03-16_081240/minimized-crash-ad06690d5fb9815b00ade5a8c856c90bd0550640' (7 bytes)
CRASH_MIN: executing: /workspace/targets/cjson/out/cjson_fuzzer -max_total_time=20 /workspace/artifacts/minimized/cjson/2026-03-16_081240/minimized-crash-ad06690d5fb9815b00ade5a8c856c90bd0550640 2>&1
CRASH_MIN: '/workspace/artifacts/minimized/cjson/2026-03-16_081240/minimized-crash-ad06690d5fb9815b00ade5a8c856c90bd0550640' (7 bytes) caused a crash. Will try to minimize it further
CRASH_MIN: executing: /workspace/targets/cjson/out/cjson_fuzzer -max_total_time=20 /workspace/artifacts/minimized/cjson/2026-03-16_081240/minimized-crash-ad06690d5fb9815b00ade5a8c856c90bd0550640 -minimize_crash_internal_step=1 -exact_artifact_path=/workspace/artifacts/minimized/cjson/2026-03-16_081240/minimized-crash-ad06690d5fb9815b00ade5a8c856c90bd0550640 2>&1
INFO: Running with entropic power schedule (0xFF, 100).
INFO: Seed: 177622483
INFO: Loaded 1 modules   (3253 inline 8-bit counters): 3253 [0x55d1aa5b0848, 0x55d1aa5b14fd),
INFO: Loaded 1 PC tables (3253 PCs): 3253 [0x55d1aa5b1500,0x55d1aa5be050),
INFO: Starting MinimizeCrashInputInternalStep: 7
INFO: -max_len is not provided; libFuzzer will not generate inputs larger than 7 bytes
#1048576	pulse  exec/s: 524288 rss: 250Mb
#2097152	pulse  exec/s: 524288 rss: 462Mb
#4194304	pulse  exec/s: 466033 rss: 571Mb
#8388608	pulse  exec/s: 493447 rss: 571Mb
INFO: Done MinimizeCrashInputInternalStep, no crashes found
CRASH_MIN: failed to minimize beyond /workspace/artifacts/minimized/cjson/2026-03-16_081240/minimized-crash-ad06690d5fb9815b00ade5a8c856c90bd0550640 (7 bytes), exiting
[+] Fuzzer exit code: 0
[+] Minimize status: minimized
